{
  "stats": {
    "suites": 1,
    "tests": 2,
    "passes": 0,
    "pending": 0,
    "failures": 2,
    "start": "2023-05-15T17:42:21.953Z",
    "end": "2023-05-15T17:44:02.644Z",
    "duration": 100691,
    "testsRegistered": 2,
    "passPercent": 0,
    "pendingPercent": 0,
    "other": 0,
    "hasOther": false,
    "skipped": 0,
    "hasSkipped": false
  },
  "results": [
    {
      "uuid": "eaa0772d-b664-43e8-a69a-f8a963706f93",
      "title": "",
      "fullFile": "C:\\Users\\55359\\Downloads\\Qa Projeto\\steps\\Create_User_test.js",
      "file": "\\steps\\Create_User_test.js",
      "beforeHooks": [],
      "afterHooks": [],
      "tests": [],
      "suites": [
        {
          "uuid": "6abfb403-17ed-4cd3-9a29-fc81b5ba94c0",
          "title": "Create User",
          "fullFile": "C:\\Users\\55359\\Downloads\\Qa Projeto\\steps\\Create_User_test.js",
          "file": "\\steps\\Create_User_test.js",
          "beforeHooks": [
            {
              "title": "\"before all\" hook: codeceptjs.beforeSuite in \"Create User\"",
              "fullTitle": "Create User \"before all\" hook: codeceptjs.beforeSuite in \"Create User\"",
              "timedOut": false,
              "duration": 17023,
              "state": null,
              "speed": null,
              "pass": false,
              "fail": false,
              "pending": false,
              "context": null,
              "code": "scenario.suiteSetup(suite)",
              "err": {},
              "uuid": "43764e74-6603-415a-b3be-1e251978d0f7",
              "parentUUID": "6abfb403-17ed-4cd3-9a29-fc81b5ba94c0",
              "isHook": true,
              "skipped": false
            },
            {
              "title": "\"before each\" hook: codeceptjs.before in \"Create User\"",
              "fullTitle": "Create User \"before each\" hook: codeceptjs.before in \"Create User\"",
              "timedOut": false,
              "duration": 19639,
              "state": null,
              "speed": null,
              "pass": false,
              "fail": false,
              "pending": false,
              "context": null,
              "code": "scenario.setup(suite)",
              "err": {},
              "uuid": "10a9cc1d-0dd9-47df-8b96-ce51a69d7ada",
              "parentUUID": "6abfb403-17ed-4cd3-9a29-fc81b5ba94c0",
              "isHook": true,
              "skipped": false
            }
          ],
          "afterHooks": [
            {
              "title": "\"after all\" hook: codeceptjs.afterSuite in \"Create User\"",
              "fullTitle": "Create User \"after all\" hook: codeceptjs.afterSuite in \"Create User\"",
              "timedOut": false,
              "duration": 2,
              "state": null,
              "speed": null,
              "pass": false,
              "fail": false,
              "pending": false,
              "context": null,
              "code": "scenario.suiteTeardown(suite)",
              "err": {},
              "uuid": "3a302cb2-54d3-414b-afa0-d1a8c93cd76f",
              "parentUUID": "6abfb403-17ed-4cd3-9a29-fc81b5ba94c0",
              "isHook": true,
              "skipped": false
            },
            {
              "title": "\"after each\" hook: finalize codeceptjs in \"Create User\"",
              "fullTitle": "Create User \"after each\" hook: finalize codeceptjs in \"Create User\"",
              "timedOut": false,
              "duration": 986,
              "state": null,
              "speed": null,
              "pass": false,
              "fail": false,
              "pending": false,
              "context": null,
              "code": "scenario.teardown(suite)",
              "err": {},
              "uuid": "588122ae-7f8d-47a1-bf95-deb0d4725ee4",
              "parentUUID": "6abfb403-17ed-4cd3-9a29-fc81b5ba94c0",
              "isHook": true,
              "skipped": false
            }
          ],
          "tests": [
            {
              "title": "login success",
              "fullTitle": "Create User: login success",
              "timedOut": false,
              "duration": 30651,
              "state": "failed",
              "speed": null,
              "pass": false,
              "fail": true,
              "pending": false,
              "context": null,
              "code": "I.amOnPage ('http://automationpractice.pl/', 25)\n login_success_page.fillFieldLogin()\n login_success_page.check()",
              "err": {
                "message": "TimeoutError: elementHandle.click: Timeout 5000ms exceeded.\n=========================== logs ===========================\nattempting click action\n  waiting for element to be visible, enabled and stable\n  element is visible, enabled and stable\n  scrolling into view if needed\n  done scrolling\n  performing click action\n  click action done\n  waiting for scheduled navigations to finish\n  navigated to \"http://automationpractice.pl/index.php?controller=authentication&back=my-account\"\n============================================================",
                "estack": "elementHandle.click: Timeout 5000ms exceeded.\n=========================== logs ===========================\nattempting click action\n  waiting for element to be visible, enabled and stable\n  element is visible, enabled and stable\n  scrolling into view if needed\n  done scrolling\n  performing click action\n  click action done\n  waiting for scheduled navigations to finish\n  navigated to \"http://automationpractice.pl/index.php?controller=authentication&back=my-account\"\n============================================================\n    at Playwright.proceedClick (node_modules\\codeceptjs\\lib\\helper\\Playwright.js:2597:19)",
                "diff": null
              },
              "uuid": "ae81f250-1fba-4105-a17a-215afafc0d58",
              "parentUUID": "6abfb403-17ed-4cd3-9a29-fc81b5ba94c0",
              "isHook": false,
              "skipped": false
            },
            {
              "title": "Create a New User",
              "fullTitle": "Create User: Create a New User",
              "timedOut": false,
              "duration": 27028,
              "state": "failed",
              "speed": null,
              "pass": false,
              "fail": true,
              "pending": false,
              "context": null,
              "code": "var name = faker.name.firstName()\n  var lastName = faker.name.lastName()\n \n   I.amOnPage ('http://automationpractice.pl/')\n  //  home\n  home_page.accessLoginPage()\n  I.wait(10)\n  //  login\n   login_page.submitCreateAccount(faker.internet.email())\n   //I.wait(10)\n  //  Create user\n  create_user_page.fillFieldCreateUser(name, lastName),\n  create_user_page.createUser()\n  I.wait(20)\n  //  my_account\n  my_account_page.validateUserLogged(name, lastName)",
              "err": {
                "message": "TimeoutError: elementHandle.click: Timeout 5000ms exceeded.\n=========================== logs ===========================\nattempting click action\n  waiting for element to be visible, enabled and stable\n  element is visible, enabled and stable\n  scrolling into view if needed\n  done scrolling\n  performing click action\n  click action done\n  waiting for scheduled navigations to finish\n  navigated to \"http://automationpractice.pl/index.php?controller=authentication&back=my-account\"\n============================================================",
                "estack": "elementHandle.click: Timeout 5000ms exceeded.\n=========================== logs ===========================\nattempting click action\n  waiting for element to be visible, enabled and stable\n  element is visible, enabled and stable\n  scrolling into view if needed\n  done scrolling\n  performing click action\n  click action done\n  waiting for scheduled navigations to finish\n  navigated to \"http://automationpractice.pl/index.php?controller=authentication&back=my-account\"\n============================================================\n    at Playwright.proceedClick (node_modules\\codeceptjs\\lib\\helper\\Playwright.js:2597:19)",
                "diff": null
              },
              "uuid": "4eb98253-e287-44df-b4b2-05cfaa5c2778",
              "parentUUID": "6abfb403-17ed-4cd3-9a29-fc81b5ba94c0",
              "isHook": false,
              "skipped": false
            }
          ],
          "suites": [],
          "passes": [],
          "failures": [
            "ae81f250-1fba-4105-a17a-215afafc0d58",
            "4eb98253-e287-44df-b4b2-05cfaa5c2778"
          ],
          "pending": [],
          "skipped": [],
          "duration": 57679,
          "root": false,
          "rootEmpty": false,
          "_timeout": 0
        }
      ],
      "passes": [],
      "failures": [],
      "pending": [],
      "skipped": [],
      "duration": 0,
      "root": true,
      "rootEmpty": true,
      "_timeout": 0
    }
  ],
  "meta": {
    "mocha": {
      "version": "10.2.0"
    },
    "mochawesome": {
      "options": {
        "quiet": false,
        "reportFilename": "mochawesome",
        "saveHtml": true,
        "saveJson": true,
        "consoleReporter": "spec",
        "useInlineDiffs": false,
        "code": true
      },
      "version": "7.1.3"
    },
    "marge": {
      "options": {},
      "version": "6.2.0"
    }
  }
}